2019-06-02 10:09:50,173 [Worker-1: Loading available Gradle versions] INFO  o.e.b.c.i.u.g.PublishedGradleVersions - Gradle version information cache is up-to-date. Trying to read.
2019-06-02 10:31:28,760 [Worker-1: Loading available Gradle versions] INFO  o.e.b.c.i.u.g.PublishedGradleVersions - Gradle version information cache is up-to-date. Trying to read.
2019-06-02 10:32:23,368 [Worker-14: Building workspace] INFO  o.e.m.c.i.l.LifecycleMappingFactory - Using org.eclipse.m2e.jdt.JarLifecycleMapping lifecycle mapping for MavenProject: com.qa:OfflineExercises:0.0.1-SNAPSHOT @ /Users/Lucy/Documents/BAE/QA/Week-1-Java-master/OfflineExercises/pom.xml.
2019-06-02 10:32:23,780 [Worker-14: Building workspace] WARN  o.e.m.c.i.embedder.EclipseLogger - Using platform encoding (UTF-8 actually) to copy filtered resources, i.e. build is platform dependent!
2019-06-02 10:32:23,782 [Worker-14: Building workspace] INFO  o.e.m.c.i.embedder.EclipseLogger - skip non existing resourceDirectory /Users/Lucy/Documents/BAE/QA/Week-1-Java-master/OfflineExercises/src/main/resources
2019-06-02 10:32:23,786 [Worker-14: Building workspace] WARN  o.e.m.c.i.embedder.EclipseLogger - Using platform encoding (UTF-8 actually) to copy filtered resources, i.e. build is platform dependent!
2019-06-02 10:32:23,788 [Worker-14: Building workspace] INFO  o.e.m.c.i.embedder.EclipseLogger - skip non existing resourceDirectory /Users/Lucy/Documents/BAE/QA/Week-1-Java-master/OfflineExercises/src/test/resources
2019-06-02 10:32:25,114 [Worker-2: Updating Maven Dependencies] INFO  o.e.m.c.i.l.LifecycleMappingFactory - Using org.eclipse.m2e.jdt.JarLifecycleMapping lifecycle mapping for MavenProject: com.qa:OfflineExercises:0.0.1-SNAPSHOT @ /Users/Lucy/Documents/BAE/QA/Week-1-Java-master/OfflineExercises/pom.xml.
2019-06-02 10:32:26,390 [Worker-2: Building workspace] WARN  o.e.m.c.i.embedder.EclipseLogger - Using platform encoding (UTF-8 actually) to copy filtered resources, i.e. build is platform dependent!
2019-06-02 10:32:26,395 [Worker-2: Building workspace] INFO  o.e.m.c.i.embedder.EclipseLogger - skip non existing resourceDirectory /Users/Lucy/Documents/BAE/QA/Week-1-Java-master/OfflineExercises/src/main/resources
2019-06-02 10:32:26,400 [Worker-2: Building workspace] WARN  o.e.m.c.i.embedder.EclipseLogger - Using platform encoding (UTF-8 actually) to copy filtered resources, i.e. build is platform dependent!
2019-06-02 10:32:26,401 [Worker-2: Building workspace] INFO  o.e.m.c.i.embedder.EclipseLogger - skip non existing resourceDirectory /Users/Lucy/Documents/BAE/QA/Week-1-Java-master/OfflineExercises/src/test/resources
2019-06-02 10:33:31,964 [Worker-1: Building workspace] WARN  o.e.m.c.i.embedder.EclipseLogger - Using platform encoding (UTF-8 actually) to copy filtered resources, i.e. build is platform dependent!
2019-06-02 10:33:31,967 [Worker-1: Building workspace] INFO  o.e.m.c.i.embedder.EclipseLogger - skip non existing resourceDirectory /Users/Lucy/Documents/BAE/QA/Week-1-Java-master/OfflineExercises/src/main/resources
2019-06-02 10:33:31,970 [Worker-1: Building workspace] WARN  o.e.m.c.i.embedder.EclipseLogger - Using platform encoding (UTF-8 actually) to copy filtered resources, i.e. build is platform dependent!
2019-06-02 10:33:31,972 [Worker-1: Building workspace] INFO  o.e.m.c.i.embedder.EclipseLogger - skip non existing resourceDirectory /Users/Lucy/Documents/BAE/QA/Week-1-Java-master/OfflineExercises/src/test/resources
2019-06-02 10:33:55,892 [Worker-3: Loading available Gradle versions] INFO  o.e.b.c.i.u.g.PublishedGradleVersions - Gradle version information cache is up-to-date. Trying to read.
2019-06-02 10:35:20,716 [Worker-1: Building workspace] INFO  o.e.m.c.i.l.LifecycleMappingFactory - Using org.eclipse.m2e.jdt.JarLifecycleMapping lifecycle mapping for MavenProject: com.qa:OfflineExercises:0.0.1-SNAPSHOT @ /Users/Lucy/Documents/BAE/QA/Eclipse Workspace/OfflineExercises/pom.xml.
2019-06-02 10:35:21,025 [Worker-1: Building workspace] WARN  o.e.m.c.i.embedder.EclipseLogger - Using platform encoding (UTF-8 actually) to copy filtered resources, i.e. build is platform dependent!
2019-06-02 10:35:21,027 [Worker-1: Building workspace] INFO  o.e.m.c.i.embedder.EclipseLogger - skip non existing resourceDirectory /Users/Lucy/Documents/BAE/QA/Eclipse Workspace/OfflineExercises/src/main/resources
2019-06-02 10:35:21,484 [Worker-1: Building workspace] WARN  o.e.m.c.i.embedder.EclipseLogger - Using platform encoding (UTF-8 actually) to copy filtered resources, i.e. build is platform dependent!
2019-06-02 10:35:21,485 [Worker-1: Building workspace] INFO  o.e.m.c.i.embedder.EclipseLogger - skip non existing resourceDirectory /Users/Lucy/Documents/BAE/QA/Eclipse Workspace/OfflineExercises/src/test/resources
2019-06-02 10:35:21,501 [Worker-6: Updating Maven Dependencies] INFO  o.e.m.c.i.l.LifecycleMappingFactory - Using org.eclipse.m2e.jdt.JarLifecycleMapping lifecycle mapping for MavenProject: com.qa:OfflineExercises:0.0.1-SNAPSHOT @ /Users/Lucy/Documents/BAE/QA/Eclipse Workspace/OfflineExercises/pom.xml.
2019-06-02 10:35:22,538 [Worker-10: Building workspace] WARN  o.e.m.c.i.embedder.EclipseLogger - Using platform encoding (UTF-8 actually) to copy filtered resources, i.e. build is platform dependent!
2019-06-02 10:35:22,540 [Worker-10: Building workspace] INFO  o.e.m.c.i.embedder.EclipseLogger - skip non existing resourceDirectory /Users/Lucy/Documents/BAE/QA/Eclipse Workspace/OfflineExercises/src/main/resources
2019-06-02 10:35:22,541 [Worker-10: Building workspace] WARN  o.e.m.c.i.embedder.EclipseLogger - Using platform encoding (UTF-8 actually) to copy filtered resources, i.e. build is platform dependent!
2019-06-02 10:35:22,543 [Worker-10: Building workspace] INFO  o.e.m.c.i.embedder.EclipseLogger - skip non existing resourceDirectory /Users/Lucy/Documents/BAE/QA/Eclipse Workspace/OfflineExercises/src/test/resources
